<?xml version="1.0" encoding="UTF-8"?>
<!-- Generated by org.testng.reporters.JUnitReportReporter -->
<testsuite hostname="Vidko-PC" failures="0" tests="1" name="ExampleTests" time="6.378" errors="0" timestamp="2024-03-24T13:03:44 EET" skipped="0">
  <testcase classname="ExampleTests" name="loginTest" time="6.378"/>
  <system-out/>
</testsuite> <!-- ExampleTests -->
